<?xml version="1.0" encoding="UTF-8"?>
<testsuite xmlns:xsi="http://www.w3.org/2001/XMLSchema-instance" xsi:noNamespaceSchemaLocation="https://maven.apache.org/surefire/maven-surefire-plugin/xsd/surefire-test-report-3.0.xsd" version="3.0" name="edu.uob.CommandTests" time="0.407" tests="7" errors="0" skipped="0" failures="0">
  <properties>
[...]
</properties>
  <testcase name="testGotoCommand" classname="edu.uob.CommandTests" time="0.175">
    <system-out><![CDATA[Adding first player: Daniel
current location: cabin
current location: cabin
current location: cabin
this is the response: You have moved to forest
You must provide a valid location you wish to move to

Resetting player: Daniel
]]></system-out>
  </testcase>
  <testcase name="testInventoryCommand" classname="edu.uob.CommandTests" time="0.023">
    <system-out><![CDATA[Resetting player: Daniel
]]></system-out>
  </testcase>
  <testcase name="testCommandTokenisation" classname="edu.uob.CommandTests" time="0.033">
    <system-out><![CDATA[Resetting player: Daniel
]]></system-out>
  </testcase>
  <testcase name="testLookCommand" classname="edu.uob.CommandTests" time="0.019">
    <system-out><![CDATA[Resetting player: Daniel
]]></system-out>
  </testcase>
  <testcase name="testCommandTokenisationTooManySpaces" classname="edu.uob.CommandTests" time="0.02">
    <system-out><![CDATA[Resetting player: Daniel
]]></system-out>
  </testcase>
  <testcase name="testGetCommand" classname="edu.uob.CommandTests" time="0.057">
    <system-out><![CDATA[Resetting player: Daniel
]]></system-out>
  </testcase>
  <testcase name="testResetCommand" classname="edu.uob.CommandTests" time="0.045">
    <system-out><![CDATA[Resetting player: Daniel
current location: cabin
Resetting player: Daniel
Resetting player: Daniel
]]></system-out>
  </testcase>
</testsuite>