<?xml version="1.0" encoding="UTF-8"?>
<testsuite xmlns:xsi="http://www.w3.org/2001/XMLSchema-instance" xsi:noNamespaceSchemaLocation="https://maven.apache.org/surefire/maven-surefire-plugin/xsd/surefire-test-report-3.0.xsd" version="3.0" name="edu.uob.CommandTests" time="1.828" tests="11" errors="0" skipped="0" failures="0">
  <properties>
[...]
</properties>
  <testcase name="testGotoCommand" classname="edu.uob.CommandTests" time="0.602">
    <system-out><![CDATA[Adding first player: Daniel
Resetting player: Daniel
Resetting player: Daniel
]]></system-out>
  </testcase>
  <testcase name="testInventoryCommand" classname="edu.uob.CommandTests" time="0.12">
    <system-out><![CDATA[Resetting player: Daniel
]]></system-out>
  </testcase>
  <testcase name="testConsumption" classname="edu.uob.CommandTests" time="0.063">
    <system-out><![CDATA[Resetting player: Daniel
]]></system-out>
  </testcase>
  <testcase name="testCommandTokenisation" classname="edu.uob.CommandTests" time="0.093">
    <system-out><![CDATA[Resetting player: Daniel
]]></system-out>
  </testcase>
  <testcase name="testAmbiguousCommand" classname="edu.uob.CommandTests" time="0.057">
    <system-out><![CDATA[Resetting player: Daniel
]]></system-out>
  </testcase>
  <testcase name="testLookCommand" classname="edu.uob.CommandTests" time="0.082">
    <system-out><![CDATA[Resetting player: Daniel
]]></system-out>
  </testcase>
  <testcase name="testCommandTokenisationTooManySpaces" classname="edu.uob.CommandTests" time="0.109">
    <system-out><![CDATA[Resetting player: Daniel
]]></system-out>
  </testcase>
  <testcase name="testDropCommand" classname="edu.uob.CommandTests" time="0.179">
    <system-out><![CDATA[Resetting player: Daniel
]]></system-out>
  </testcase>
  <testcase name="testProduction" classname="edu.uob.CommandTests" time="0.088">
    <system-out><![CDATA[Resetting player: Daniel
]]></system-out>
  </testcase>
  <testcase name="testGetCommand" classname="edu.uob.CommandTests" time="0.125">
    <system-out><![CDATA[Resetting player: Daniel
Resetting player: Daniel
Resetting player: Daniel
]]></system-out>
  </testcase>
  <testcase name="testResetCommand" classname="edu.uob.CommandTests" time="0.147">
    <system-out><![CDATA[Resetting player: Daniel
Resetting player: Daniel
Resetting player: Daniel
]]></system-out>
  </testcase>
</testsuite>